Args in experiment:
Namespace(batch_size=128, c_out=7, checkpoints='./checkpoints', d_model=512, data='ETTh1', data_path='ETTh1.csv', dec_in=7, des='Exp', devices='0,1,2,3', dropout=0.5, enc_in=7, features='M', freq='h', gpu=0, is_training=1, itr=1, kernel_size=25, label_len=48, learning_rate=0.0001, loss='mse', lradj='constant', model='Leddam', model_id='ETTh1_96_720', n_layers=1, num_workers=0, patience=6, pe_type='sincos', pred_len=720, revin=True, root_path='dataset/ETT-small/', seq_len=96, target='OT', task_name='long_term_forecast', train_epochs=100, use_amp=True, use_gpu=True, use_multi_gpu=False)
Use GPU: cuda:0
>>>>>>>start training : ETTh1_pl720_n_layers_1_d_model_512_dropout_0.5_pe_type_sincos_bs_128_lr_0.0001>>>>>>>>>>>>>>>>>>>>>>>>>>
train 7825
val 2161
test 2161
Epoch: 1 cost time: 3.4538586139678955
Epoch: 1, Steps: 61 | Train Loss: 0.632  vali_loss: 1.562   test_loss: 0.486 
Validation loss decreased (inf --> 1.561694).  Saving model ...
Updating learning rate to 0.0001
Epoch: 2 cost time: 2.048463821411133
Epoch: 2, Steps: 61 | Train Loss: 0.598  vali_loss: 1.559   test_loss: 0.463 
Validation loss decreased (1.561694 --> 1.558776).  Saving model ...
Updating learning rate to 0.0001
Epoch: 3 cost time: 2.0801210403442383
Epoch: 3, Steps: 61 | Train Loss: 0.581  vali_loss: 1.588   test_loss: 0.497 
EarlyStopping counter: 1 out of 6
Updating learning rate to 0.0001
Epoch: 4 cost time: 2.0784857273101807
Epoch: 4, Steps: 61 | Train Loss: 0.569  vali_loss: 1.617   test_loss: 0.509 
EarlyStopping counter: 2 out of 6
Updating learning rate to 0.0001
Epoch: 5 cost time: 2.0519449710845947
Epoch: 5, Steps: 61 | Train Loss: 0.558  vali_loss: 1.631   test_loss: 0.536 
EarlyStopping counter: 3 out of 6
Updating learning rate to 0.0001
Epoch: 6 cost time: 1.8637104034423828
Epoch: 6, Steps: 61 | Train Loss: 0.549  vali_loss: 1.623   test_loss: 0.543 
EarlyStopping counter: 4 out of 6
Updating learning rate to 0.0001
Epoch: 7 cost time: 1.8992931842803955
Epoch: 7, Steps: 61 | Train Loss: 0.543  vali_loss: 1.647   test_loss: 0.562 
EarlyStopping counter: 5 out of 6
Updating learning rate to 0.0001
Epoch: 8 cost time: 1.9074416160583496
Epoch: 8, Steps: 61 | Train Loss: 0.537  vali_loss: 1.644   test_loss: 0.565 
EarlyStopping counter: 6 out of 6
Early stopping
>>>>>>>testing : ETTh1_pl720_n_layers_1_d_model_512_dropout_0.5_pe_type_sincos_bs_128_lr_0.0001<<<<<<<<<<<<<<<<<<<<<<<<<<<<<<<<<
test 2161
loading model
Model weights deleted.
test shape: (2161, 720, 7) (2161, 720, 7)
mse:  0.463  mae:  0.460
