Args in experiment:
Namespace(batch_size=128, c_out=7, checkpoints='./checkpoints', d_model=512, data='ETTm2', data_path='ETTm2.csv', dec_in=7, des='Exp', devices='0,1,2,3', dropout=0.0, enc_in=7, features='M', freq='h', gpu=0, is_training=1, itr=1, kernel_size=25, label_len=48, learning_rate=0.0001, loss='mse', lradj='constant', model='Leddam', model_id='ETTm2_96_96', n_layers=1, num_workers=0, patience=6, pe_type='sincos', pred_len=96, revin=True, root_path='dataset/ETT-small/', seq_len=96, target='OT', task_name='long_term_forecast', train_epochs=100, use_amp=True, use_gpu=True, use_multi_gpu=False)
Use GPU: cuda:0
>>>>>>>start training : ETTm2_pl96_n_layers_1_d_model_512_dropout_0.0_pe_type_sincos_bs_128_lr_0.0001>>>>>>>>>>>>>>>>>>>>>>>>>>
train 34369
val 11425
test 11425
Epoch: 1 cost time: 14.811469316482544
Epoch: 1, Steps: 268 | Train Loss: 0.231  vali_loss: 0.127   test_loss: 0.176 
Validation loss decreased (inf --> 0.127370).  Saving model ...
Updating learning rate to 0.0001
Epoch: 2 cost time: 12.686840772628784
Epoch: 2, Steps: 268 | Train Loss: 0.213  vali_loss: 0.128   test_loss: 0.176 
EarlyStopping counter: 1 out of 6
Updating learning rate to 0.0001
Epoch: 3 cost time: 12.571876764297485
Epoch: 3, Steps: 268 | Train Loss: 0.207  vali_loss: 0.130   test_loss: 0.179 
EarlyStopping counter: 2 out of 6
Updating learning rate to 0.0001
Epoch: 4 cost time: 12.346593379974365
Epoch: 4, Steps: 268 | Train Loss: 0.201  vali_loss: 0.128   test_loss: 0.177 
EarlyStopping counter: 3 out of 6
Updating learning rate to 0.0001
Epoch: 5 cost time: 12.777824401855469
Epoch: 5, Steps: 268 | Train Loss: 0.197  vali_loss: 0.130   test_loss: 0.178 
EarlyStopping counter: 4 out of 6
Updating learning rate to 0.0001
Epoch: 6 cost time: 10.44348430633545
Epoch: 6, Steps: 268 | Train Loss: 0.192  vali_loss: 0.130   test_loss: 0.179 
EarlyStopping counter: 5 out of 6
Updating learning rate to 0.0001
Epoch: 7 cost time: 11.577650308609009
Epoch: 7, Steps: 268 | Train Loss: 0.188  vali_loss: 0.130   test_loss: 0.182 
EarlyStopping counter: 6 out of 6
Early stopping
>>>>>>>testing : ETTm2_pl96_n_layers_1_d_model_512_dropout_0.0_pe_type_sincos_bs_128_lr_0.0001<<<<<<<<<<<<<<<<<<<<<<<<<<<<<<<<<
test 11425
loading model
Model weights deleted.
test shape: (11425, 96, 7) (11425, 96, 7)
mse:  0.176  mae:  0.257
