Args in experiment:
Namespace(batch_size=128, c_out=21, checkpoints='./checkpoints', d_model=256, data='custom', data_path='weather.csv', dec_in=21, des='Exp', devices='0,1,2,3', dropout=0.0, enc_in=21, features='M', freq='h', gpu=0, is_training=1, itr=1, kernel_size=25, label_len=48, learning_rate=0.0005, loss='mse', lradj='constant', model='Leddam', model_id='weather_96_96', n_layers=1, num_workers=0, patience=6, pe_type='sincos', pred_len=96, revin=True, root_path='dataset/weather/', seq_len=96, target='OT', task_name='long_term_forecast', train_epochs=100, use_amp=True, use_gpu=True, use_multi_gpu=False)
Use GPU: cuda:0
>>>>>>>start training : weather_pl96_n_layers_1_d_model_256_dropout_0.0_pe_type_sincos_bs_128_lr_0.0005>>>>>>>>>>>>>>>>>>>>>>>>>>
train 36696
val 5175
test 10444
Epoch: 1 cost time: 17.861132383346558
Epoch: 1, Steps: 286 | Train Loss: 0.465  vali_loss: 0.416   test_loss: 0.171 
Validation loss decreased (inf --> 0.416067).  Saving model ...
Updating learning rate to 0.0005
Epoch: 2 cost time: 17.15774917602539
Epoch: 2, Steps: 286 | Train Loss: 0.425  vali_loss: 0.408   test_loss: 0.167 
Validation loss decreased (0.416067 --> 0.408218).  Saving model ...
Updating learning rate to 0.0005
Epoch: 3 cost time: 18.704240798950195
Epoch: 3, Steps: 286 | Train Loss: 0.418  vali_loss: 0.404   test_loss: 0.165 
Validation loss decreased (0.408218 --> 0.404091).  Saving model ...
Updating learning rate to 0.0005
Epoch: 4 cost time: 18.316984176635742
Epoch: 4, Steps: 286 | Train Loss: 0.412  vali_loss: 0.396   test_loss: 0.164 
Validation loss decreased (0.404091 --> 0.396072).  Saving model ...
Updating learning rate to 0.0005
Epoch: 5 cost time: 17.223954677581787
Epoch: 5, Steps: 286 | Train Loss: 0.408  vali_loss: 0.395   test_loss: 0.162 
Validation loss decreased (0.396072 --> 0.394768).  Saving model ...
Updating learning rate to 0.0005
Epoch: 6 cost time: 18.217207431793213
Epoch: 6, Steps: 286 | Train Loss: 0.404  vali_loss: 0.397   test_loss: 0.165 
EarlyStopping counter: 1 out of 6
Updating learning rate to 0.0005
Epoch: 7 cost time: 15.399685144424438
Epoch: 7, Steps: 286 | Train Loss: 0.396  vali_loss: 0.392   test_loss: 0.158 
Validation loss decreased (0.394768 --> 0.391871).  Saving model ...
Updating learning rate to 0.0005
Epoch: 8 cost time: 15.82918930053711
Epoch: 8, Steps: 286 | Train Loss: 0.391  vali_loss: 0.390   test_loss: 0.165 
Validation loss decreased (0.391871 --> 0.389760).  Saving model ...
Updating learning rate to 0.0005
Epoch: 9 cost time: 15.629888772964478
Epoch: 9, Steps: 286 | Train Loss: 0.388  vali_loss: 0.395   test_loss: 0.162 
EarlyStopping counter: 1 out of 6
Updating learning rate to 0.0005
Epoch: 10 cost time: 16.237207412719727
Epoch: 10, Steps: 286 | Train Loss: 0.384  vali_loss: 0.391   test_loss: 0.161 
EarlyStopping counter: 2 out of 6
Updating learning rate to 0.0005
Epoch: 11 cost time: 16.20044779777527
Epoch: 11, Steps: 286 | Train Loss: 0.380  vali_loss: 0.389   test_loss: 0.160 
Validation loss decreased (0.389760 --> 0.388558).  Saving model ...
Updating learning rate to 0.0005
Epoch: 12 cost time: 15.90862512588501
Epoch: 12, Steps: 286 | Train Loss: 0.376  vali_loss: 0.383   test_loss: 0.156 
Validation loss decreased (0.388558 --> 0.383102).  Saving model ...
Updating learning rate to 0.0005
Epoch: 13 cost time: 13.278172969818115
Epoch: 13, Steps: 286 | Train Loss: 0.372  vali_loss: 0.386   test_loss: 0.160 
EarlyStopping counter: 1 out of 6
Updating learning rate to 0.0005
Epoch: 14 cost time: 13.553707599639893
Epoch: 14, Steps: 286 | Train Loss: 0.373  vali_loss: 0.387   test_loss: 0.159 
EarlyStopping counter: 2 out of 6
Updating learning rate to 0.0005
Epoch: 15 cost time: 12.5903639793396
Epoch: 15, Steps: 286 | Train Loss: 0.368  vali_loss: 0.393   test_loss: 0.159 
EarlyStopping counter: 3 out of 6
Updating learning rate to 0.0005
Epoch: 16 cost time: 15.676910400390625
Epoch: 16, Steps: 286 | Train Loss: 0.365  vali_loss: 0.389   test_loss: 0.160 
EarlyStopping counter: 4 out of 6
Updating learning rate to 0.0005
Epoch: 17 cost time: 15.279655694961548
Epoch: 17, Steps: 286 | Train Loss: 0.363  vali_loss: 0.395   test_loss: 0.163 
EarlyStopping counter: 5 out of 6
Updating learning rate to 0.0005
Epoch: 18 cost time: 14.280538082122803
Epoch: 18, Steps: 286 | Train Loss: 0.360  vali_loss: 0.392   test_loss: 0.160 
EarlyStopping counter: 6 out of 6
Early stopping
>>>>>>>testing : weather_pl96_n_layers_1_d_model_256_dropout_0.0_pe_type_sincos_bs_128_lr_0.0005<<<<<<<<<<<<<<<<<<<<<<<<<<<<<<<<<
test 10444
loading model
Model weights deleted.
test shape: (10444, 96, 21) (10444, 96, 21)
mse:  0.156  mae:  0.202
