Args in experiment:
Namespace(batch_size=128, c_out=7, checkpoints='./checkpoints', d_model=512, data='ETTm2', data_path='ETTm2.csv', dec_in=7, des='Exp', devices='0,1,2,3', dropout=0.0, enc_in=7, features='M', freq='h', gpu=0, is_training=1, itr=1, kernel_size=25, label_len=48, learning_rate=0.0001, loss='mse', lradj='constant', model='Leddam', model_id='ETTm2_96_336', n_layers=1, num_workers=0, patience=6, pe_type='sincos', pred_len=336, revin=True, root_path='dataset/ETT-small/', seq_len=96, target='OT', task_name='long_term_forecast', train_epochs=100, use_amp=True, use_gpu=True, use_multi_gpu=False)
Use GPU: cuda:0
>>>>>>>start training : ETTm2_pl336_n_layers_1_d_model_512_dropout_0.0_pe_type_sincos_bs_128_lr_0.0001>>>>>>>>>>>>>>>>>>>>>>>>>>
train 34129
val 11185
test 11185
Epoch: 1 cost time: 17.71426773071289
Epoch: 1, Steps: 266 | Train Loss: 0.424  vali_loss: 0.218   test_loss: 0.303 
Validation loss decreased (inf --> 0.217850).  Saving model ...
Updating learning rate to 0.0001
Epoch: 2 cost time: 15.891051054000854
Epoch: 2, Steps: 266 | Train Loss: 0.394  vali_loss: 0.222   test_loss: 0.307 
EarlyStopping counter: 1 out of 6
Updating learning rate to 0.0001
Epoch: 3 cost time: 15.170583248138428
Epoch: 3, Steps: 266 | Train Loss: 0.382  vali_loss: 0.223   test_loss: 0.309 
EarlyStopping counter: 2 out of 6
Updating learning rate to 0.0001
Epoch: 4 cost time: 12.969101905822754
Epoch: 4, Steps: 266 | Train Loss: 0.372  vali_loss: 0.222   test_loss: 0.305 
EarlyStopping counter: 3 out of 6
Updating learning rate to 0.0001
Epoch: 5 cost time: 11.936991453170776
Epoch: 5, Steps: 266 | Train Loss: 0.362  vali_loss: 0.222   test_loss: 0.303 
EarlyStopping counter: 4 out of 6
Updating learning rate to 0.0001
Epoch: 6 cost time: 12.337372064590454
Epoch: 6, Steps: 266 | Train Loss: 0.352  vali_loss: 0.227   test_loss: 0.313 
EarlyStopping counter: 5 out of 6
Updating learning rate to 0.0001
Epoch: 7 cost time: 14.296101570129395
Epoch: 7, Steps: 266 | Train Loss: 0.347  vali_loss: 0.225   test_loss: 0.313 
EarlyStopping counter: 6 out of 6
Early stopping
>>>>>>>testing : ETTm2_pl336_n_layers_1_d_model_512_dropout_0.0_pe_type_sincos_bs_128_lr_0.0001<<<<<<<<<<<<<<<<<<<<<<<<<<<<<<<<<
test 11185
loading model
Model weights deleted.
test shape: (11185, 336, 7) (11185, 336, 7)
mse:  0.303  mae:  0.341
