Args in experiment:
Namespace(batch_size=128, c_out=7, checkpoints='./checkpoints', d_model=512, data='ETTm2', data_path='ETTm2.csv', dec_in=7, des='Exp', devices='0,1,2,3', dropout=0.0, enc_in=7, features='M', freq='h', gpu=0, is_training=1, itr=1, kernel_size=25, label_len=48, learning_rate=0.0001, loss='mse', lradj='constant', model='Leddam', model_id='ETTm2_96_720', n_layers=1, num_workers=0, patience=6, pe_type='sincos', pred_len=720, revin=True, root_path='dataset/ETT-small/', seq_len=96, target='OT', task_name='long_term_forecast', train_epochs=100, use_amp=True, use_gpu=True, use_multi_gpu=False)
Use GPU: cuda:0
>>>>>>>start training : ETTm2_pl720_n_layers_1_d_model_512_dropout_0.0_pe_type_sincos_bs_128_lr_0.0001>>>>>>>>>>>>>>>>>>>>>>>>>>
train 33745
val 10801
test 10801
Epoch: 1 cost time: 15.631044626235962
Epoch: 1, Steps: 263 | Train Loss: 0.568  vali_loss: 0.291   test_loss: 0.402 
Validation loss decreased (inf --> 0.290719).  Saving model ...
Updating learning rate to 0.0001
Epoch: 2 cost time: 16.542513608932495
Epoch: 2, Steps: 263 | Train Loss: 0.539  vali_loss: 0.290   test_loss: 0.400 
Validation loss decreased (0.290719 --> 0.290098).  Saving model ...
Updating learning rate to 0.0001
Epoch: 3 cost time: 17.4221248626709
Epoch: 3, Steps: 263 | Train Loss: 0.527  vali_loss: 0.291   test_loss: 0.403 
EarlyStopping counter: 1 out of 6
Updating learning rate to 0.0001
Epoch: 4 cost time: 17.869858026504517
Epoch: 4, Steps: 263 | Train Loss: 0.514  vali_loss: 0.293   test_loss: 0.406 
EarlyStopping counter: 2 out of 6
Updating learning rate to 0.0001
Epoch: 5 cost time: 16.92694902420044
Epoch: 5, Steps: 263 | Train Loss: 0.505  vali_loss: 0.292   test_loss: 0.408 
EarlyStopping counter: 3 out of 6
Updating learning rate to 0.0001
Epoch: 6 cost time: 17.15119767189026
Epoch: 6, Steps: 263 | Train Loss: 0.495  vali_loss: 0.298   test_loss: 0.420 
EarlyStopping counter: 4 out of 6
Updating learning rate to 0.0001
Epoch: 7 cost time: 15.154131889343262
Epoch: 7, Steps: 263 | Train Loss: 0.487  vali_loss: 0.295   test_loss: 0.415 
EarlyStopping counter: 5 out of 6
Updating learning rate to 0.0001
Epoch: 8 cost time: 15.201361656188965
Epoch: 8, Steps: 263 | Train Loss: 0.479  vali_loss: 0.298   test_loss: 0.421 
EarlyStopping counter: 6 out of 6
Early stopping
>>>>>>>testing : ETTm2_pl720_n_layers_1_d_model_512_dropout_0.0_pe_type_sincos_bs_128_lr_0.0001<<<<<<<<<<<<<<<<<<<<<<<<<<<<<<<<<
test 10801
loading model
Model weights deleted.
test shape: (10801, 720, 7) (10801, 720, 7)
mse:  0.400  mae:  0.398
