Args in experiment:
Namespace(batch_size=128, c_out=7, checkpoints='./checkpoints', d_model=256, data='ETTh2', data_path='ETTh2.csv', dec_in=7, des='Exp', devices='0,1,2,3', dropout=0.0, enc_in=7, features='M', freq='h', gpu=0, is_training=1, itr=1, kernel_size=25, label_len=48, learning_rate=0.0001, loss='mse', lradj='constant', model='Leddam', model_id='ETTh2_96_96', n_layers=1, num_workers=0, patience=6, pe_type='no', pred_len=96, revin=True, root_path='dataset/ETT-small/', seq_len=96, target='OT', task_name='long_term_forecast', train_epochs=100, use_amp=True, use_gpu=True, use_multi_gpu=False)
Use GPU: cuda:0
>>>>>>>start training : ETTh2_pl96_n_layers_1_d_model_256_dropout_0.0_pe_type_no_bs_128_lr_0.0001>>>>>>>>>>>>>>>>>>>>>>>>>>
train 8449
val 2785
test 2785
Epoch: 1 cost time: 6.058506727218628
Epoch: 1, Steps: 66 | Train Loss: 0.451  vali_loss: 0.215   test_loss: 0.296 
Validation loss decreased (inf --> 0.214593).  Saving model ...
Updating learning rate to 0.0001
Epoch: 2 cost time: 2.9918766021728516
Epoch: 2, Steps: 66 | Train Loss: 0.414  vali_loss: 0.214   test_loss: 0.292 
Validation loss decreased (0.214593 --> 0.214335).  Saving model ...
Updating learning rate to 0.0001
Epoch: 3 cost time: 2.776928424835205
Epoch: 3, Steps: 66 | Train Loss: 0.397  vali_loss: 0.213   test_loss: 0.291 
Validation loss decreased (0.214335 --> 0.213192).  Saving model ...
Updating learning rate to 0.0001
Epoch: 4 cost time: 2.4133591651916504
Epoch: 4, Steps: 66 | Train Loss: 0.379  vali_loss: 0.212   test_loss: 0.292 
Validation loss decreased (0.213192 --> 0.212075).  Saving model ...
Updating learning rate to 0.0001
Epoch: 5 cost time: 2.4219799041748047
Epoch: 5, Steps: 66 | Train Loss: 0.361  vali_loss: 0.218   test_loss: 0.298 
EarlyStopping counter: 1 out of 6
Updating learning rate to 0.0001
Epoch: 6 cost time: 2.5729994773864746
Epoch: 6, Steps: 66 | Train Loss: 0.345  vali_loss: 0.218   test_loss: 0.296 
EarlyStopping counter: 2 out of 6
Updating learning rate to 0.0001
Epoch: 7 cost time: 2.453187942504883
Epoch: 7, Steps: 66 | Train Loss: 0.333  vali_loss: 0.219   test_loss: 0.293 
EarlyStopping counter: 3 out of 6
Updating learning rate to 0.0001
Epoch: 8 cost time: 2.5547893047332764
Epoch: 8, Steps: 66 | Train Loss: 0.323  vali_loss: 0.221   test_loss: 0.301 
EarlyStopping counter: 4 out of 6
Updating learning rate to 0.0001
Epoch: 9 cost time: 3.2153899669647217
Epoch: 9, Steps: 66 | Train Loss: 0.315  vali_loss: 0.221   test_loss: 0.294 
EarlyStopping counter: 5 out of 6
Updating learning rate to 0.0001
Epoch: 10 cost time: 2.8830983638763428
Epoch: 10, Steps: 66 | Train Loss: 0.307  vali_loss: 0.222   test_loss: 0.300 
EarlyStopping counter: 6 out of 6
Early stopping
>>>>>>>testing : ETTh2_pl96_n_layers_1_d_model_256_dropout_0.0_pe_type_no_bs_128_lr_0.0001<<<<<<<<<<<<<<<<<<<<<<<<<<<<<<<<<
test 2785
loading model
Model weights deleted.
test shape: (2785, 96, 7) (2785, 96, 7)
mse:  0.292  mae:  0.343
