Args in experiment:
Namespace(batch_size=128, c_out=7, checkpoints='./checkpoints', d_model=512, data='ETTm1', data_path='ETTm1.csv', dec_in=7, des='Exp', devices='0,1,2,3', dropout=0.0, enc_in=7, features='M', freq='h', gpu=0, is_training=1, itr=1, kernel_size=25, label_len=48, learning_rate=0.0001, loss='mse', lradj='constant', model='Leddam', model_id='ETTm1_96_96', n_layers=1, num_workers=0, patience=6, pe_type='sincos', pred_len=96, revin=True, root_path='dataset/ETT-small/', seq_len=96, target='OT', task_name='long_term_forecast', train_epochs=100, use_amp=True, use_gpu=True, use_multi_gpu=False)
Use GPU: cuda:0
>>>>>>>start training : ETTm1_pl96_n_layers_1_d_model_512_dropout_0.0_pe_type_sincos_bs_128_lr_0.0001>>>>>>>>>>>>>>>>>>>>>>>>>>
train 34369
val 11425
test 11425
Epoch: 1 cost time: 12.062220573425293
Epoch: 1, Steps: 268 | Train Loss: 0.312  vali_loss: 0.394   test_loss: 0.331 
Validation loss decreased (inf --> 0.394039).  Saving model ...
Updating learning rate to 0.0001
Epoch: 2 cost time: 10.87952470779419
Epoch: 2, Steps: 268 | Train Loss: 0.271  vali_loss: 0.400   test_loss: 0.324 
EarlyStopping counter: 1 out of 6
Updating learning rate to 0.0001
Epoch: 3 cost time: 10.716034650802612
Epoch: 3, Steps: 268 | Train Loss: 0.262  vali_loss: 0.391   test_loss: 0.319 
Validation loss decreased (0.394039 --> 0.391136).  Saving model ...
Updating learning rate to 0.0001
Epoch: 4 cost time: 10.95437479019165
Epoch: 4, Steps: 268 | Train Loss: 0.255  vali_loss: 0.394   test_loss: 0.323 
EarlyStopping counter: 1 out of 6
Updating learning rate to 0.0001
Epoch: 5 cost time: 10.249669790267944
Epoch: 5, Steps: 268 | Train Loss: 0.250  vali_loss: 0.395   test_loss: 0.323 
EarlyStopping counter: 2 out of 6
Updating learning rate to 0.0001
Epoch: 6 cost time: 10.90849781036377
Epoch: 6, Steps: 268 | Train Loss: 0.244  vali_loss: 0.393   test_loss: 0.322 
EarlyStopping counter: 3 out of 6
Updating learning rate to 0.0001
Epoch: 7 cost time: 9.874078035354614
Epoch: 7, Steps: 268 | Train Loss: 0.240  vali_loss: 0.399   test_loss: 0.325 
EarlyStopping counter: 4 out of 6
Updating learning rate to 0.0001
Epoch: 8 cost time: 9.393724203109741
Epoch: 8, Steps: 268 | Train Loss: 0.235  vali_loss: 0.402   test_loss: 0.325 
EarlyStopping counter: 5 out of 6
Updating learning rate to 0.0001
Epoch: 9 cost time: 8.96976923942566
Epoch: 9, Steps: 268 | Train Loss: 0.231  vali_loss: 0.397   test_loss: 0.324 
EarlyStopping counter: 6 out of 6
Early stopping
>>>>>>>testing : ETTm1_pl96_n_layers_1_d_model_512_dropout_0.0_pe_type_sincos_bs_128_lr_0.0001<<<<<<<<<<<<<<<<<<<<<<<<<<<<<<<<<
test 11425
loading model
Model weights deleted.
test shape: (11425, 96, 7) (11425, 96, 7)
mse:  0.319  mae:  0.359
