Args in experiment:
Namespace(batch_size=128, c_out=7, checkpoints='./checkpoints', d_model=256, data='ETTh2', data_path='ETTh2.csv', dec_in=7, des='Exp', devices='0,1,2,3', dropout=0.0, enc_in=7, features='M', freq='h', gpu=0, is_training=1, itr=1, kernel_size=25, label_len=48, learning_rate=0.0001, loss='mse', lradj='constant', model='Leddam', model_id='ETTh2_96_720', n_layers=1, num_workers=0, patience=6, pe_type='no', pred_len=720, revin=True, root_path='dataset/ETT-small/', seq_len=96, target='OT', task_name='long_term_forecast', train_epochs=100, use_amp=True, use_gpu=True, use_multi_gpu=False)
Use GPU: cuda:0
>>>>>>>start training : ETTh2_pl720_n_layers_1_d_model_256_dropout_0.0_pe_type_no_bs_128_lr_0.0001>>>>>>>>>>>>>>>>>>>>>>>>>>
train 7825
val 2161
test 2161
Epoch: 1 cost time: 4.310434103012085
Epoch: 1, Steps: 61 | Train Loss: 0.860  vali_loss: 0.609   test_loss: 0.423 
Validation loss decreased (inf --> 0.609374).  Saving model ...
Updating learning rate to 0.0001
Epoch: 2 cost time: 2.240041971206665
Epoch: 2, Steps: 61 | Train Loss: 0.836  vali_loss: 0.602   test_loss: 0.419 
Validation loss decreased (0.609374 --> 0.601696).  Saving model ...
Updating learning rate to 0.0001
Epoch: 3 cost time: 2.1865062713623047
Epoch: 3, Steps: 61 | Train Loss: 0.816  vali_loss: 0.607   test_loss: 0.416 
EarlyStopping counter: 1 out of 6
Updating learning rate to 0.0001
Epoch: 4 cost time: 2.476966142654419
Epoch: 4, Steps: 61 | Train Loss: 0.795  vali_loss: 0.608   test_loss: 0.412 
EarlyStopping counter: 2 out of 6
Updating learning rate to 0.0001
Epoch: 5 cost time: 2.1528244018554688
Epoch: 5, Steps: 61 | Train Loss: 0.777  vali_loss: 0.618   test_loss: 0.414 
EarlyStopping counter: 3 out of 6
Updating learning rate to 0.0001
Epoch: 6 cost time: 2.6106131076812744
Epoch: 6, Steps: 61 | Train Loss: 0.762  vali_loss: 0.619   test_loss: 0.422 
EarlyStopping counter: 4 out of 6
Updating learning rate to 0.0001
Epoch: 7 cost time: 2.6209301948547363
Epoch: 7, Steps: 61 | Train Loss: 0.750  vali_loss: 0.609   test_loss: 0.434 
EarlyStopping counter: 5 out of 6
Updating learning rate to 0.0001
Epoch: 8 cost time: 2.443147659301758
Epoch: 8, Steps: 61 | Train Loss: 0.743  vali_loss: 0.623   test_loss: 0.431 
EarlyStopping counter: 6 out of 6
Early stopping
>>>>>>>testing : ETTh2_pl720_n_layers_1_d_model_256_dropout_0.0_pe_type_no_bs_128_lr_0.0001<<<<<<<<<<<<<<<<<<<<<<<<<<<<<<<<<
test 2161
loading model
Model weights deleted.
test shape: (2161, 720, 7) (2161, 720, 7)
mse:  0.419  mae:  0.438
