Args in experiment:
Namespace(batch_size=128, c_out=7, checkpoints='./checkpoints', d_model=512, data='ETTh1', data_path='ETTh1.csv', dec_in=7, des='Exp', devices='0,1,2,3', dropout=0.0, enc_in=7, features='M', freq='h', gpu=0, is_training=1, itr=1, kernel_size=25, label_len=48, learning_rate=0.0001, loss='mse', lradj='constant', model='Leddam', model_id='ETTh1_96_192', n_layers=1, num_workers=0, patience=6, pe_type='sincos', pred_len=192, revin=True, root_path='dataset/ETT-small/', seq_len=96, target='OT', task_name='long_term_forecast', train_epochs=100, use_amp=True, use_gpu=True, use_multi_gpu=False)
Use GPU: cuda:0
>>>>>>>start training : ETTh1_pl192_n_layers_1_d_model_512_dropout_0.0_pe_type_sincos_bs_128_lr_0.0001>>>>>>>>>>>>>>>>>>>>>>>>>>
train 8353
val 2689
test 2689
Epoch: 1 cost time: 6.6270911693573
Epoch: 1, Steps: 65 | Train Loss: 0.452  vali_loss: 1.004   test_loss: 0.437 
Validation loss decreased (inf --> 1.003679).  Saving model ...
Updating learning rate to 0.0001
Epoch: 2 cost time: 4.144739866256714
Epoch: 2, Steps: 65 | Train Loss: 0.415  vali_loss: 0.991   test_loss: 0.427 
Validation loss decreased (1.003679 --> 0.990611).  Saving model ...
Updating learning rate to 0.0001
Epoch: 3 cost time: 4.248956918716431
Epoch: 3, Steps: 65 | Train Loss: 0.404  vali_loss: 0.990   test_loss: 0.424 
Validation loss decreased (0.990611 --> 0.989763).  Saving model ...
Updating learning rate to 0.0001
Epoch: 4 cost time: 3.9869797229766846
Epoch: 4, Steps: 65 | Train Loss: 0.395  vali_loss: 1.001   test_loss: 0.425 
EarlyStopping counter: 1 out of 6
Updating learning rate to 0.0001
Epoch: 5 cost time: 4.362871885299683
Epoch: 5, Steps: 65 | Train Loss: 0.388  vali_loss: 1.023   test_loss: 0.424 
EarlyStopping counter: 2 out of 6
Updating learning rate to 0.0001
Epoch: 6 cost time: 3.7218666076660156
Epoch: 6, Steps: 65 | Train Loss: 0.382  vali_loss: 1.030   test_loss: 0.426 
EarlyStopping counter: 3 out of 6
Updating learning rate to 0.0001
Epoch: 7 cost time: 4.203515529632568
Epoch: 7, Steps: 65 | Train Loss: 0.377  vali_loss: 1.038   test_loss: 0.427 
EarlyStopping counter: 4 out of 6
Updating learning rate to 0.0001
Epoch: 8 cost time: 3.7229390144348145
Epoch: 8, Steps: 65 | Train Loss: 0.372  vali_loss: 1.051   test_loss: 0.432 
EarlyStopping counter: 5 out of 6
Updating learning rate to 0.0001
Epoch: 9 cost time: 4.154924631118774
Epoch: 9, Steps: 65 | Train Loss: 0.367  vali_loss: 1.041   test_loss: 0.436 
EarlyStopping counter: 6 out of 6
Early stopping
>>>>>>>testing : ETTh1_pl192_n_layers_1_d_model_512_dropout_0.0_pe_type_sincos_bs_128_lr_0.0001<<<<<<<<<<<<<<<<<<<<<<<<<<<<<<<<<
test 2689
loading model
Model weights deleted.
test shape: (2689, 192, 7) (2689, 192, 7)
mse:  0.424  mae:  0.422
